::1 - - [20/Mar/2023:19:02:58 -0300] "GET / HTTP/1.1" 200 46
::1 - - [20/Mar/2023:19:02:58 -0300] "GET /favicon.ico HTTP/1.1" 404 196
::1 - - [20/Mar/2023:19:03:58 -0300] "-" 408 -
::1 - - [20/Mar/2023:19:25:35 -0300] "GET / HTTP/1.1" 304 -
::1 - - [20/Mar/2023:19:25:35 -0300] "GET / HTTP/1.1" 304 -
::1 - - [20/Mar/2023:19:25:35 -0300] "GET / HTTP/1.1" 304 -
::1 - - [20/Mar/2023:19:26:33 -0300] "-" 408 -
::1 - - [20/Mar/2023:19:34:41 -0300] "GET / HTTP/1.1" 304 -
::1 - - [20/Mar/2023:19:34:42 -0300] "GET / HTTP/1.1" 304 -
::1 - - [20/Mar/2023:19:34:43 -0300] "GET / HTTP/1.1" 304 -
::1 - - [20/Mar/2023:19:35:41 -0300] "-" 408 -
::1 - - [20/Mar/2023:19:35:46 -0300] "GET / HTTP/1.1" 200 46
::1 - - [20/Mar/2023:19:35:46 -0300] "GET /favicon.ico HTTP/1.1" 404 196
::1 - - [20/Mar/2023:19:36:46 -0300] "-" 408 -
::1 - - [20/Mar/2023:19:37:43 -0300] "-" 408 -
127.0.0.1 - - [03/Apr/2023:20:56:55 -0300] "GET / HTTP/1.1" 200 46
127.0.0.1 - - [03/Apr/2023:20:56:55 -0300] "GET /favicon.ico HTTP/1.1" 404 196
127.0.0.1 - - [03/Apr/2023:20:56:56 -0300] "GET / HTTP/1.1" 304 -
127.0.0.1 - - [03/Apr/2023:20:56:57 -0300] "GET / HTTP/1.1" 304 -
127.0.0.1 - - [03/Apr/2023:20:57:55 -0300] "-" 408 -
::1 - - [03/Apr/2023:20:58:10 -0300] "GET / HTTP/1.1" 200 46
::1 - - [03/Apr/2023:20:58:10 -0300] "GET /favicon.ico HTTP/1.1" 404 196
::1 - - [03/Apr/2023:20:58:31 -0300] "\x16\x03\x01\x02" 400 226
::1 - - [03/Apr/2023:20:58:31 -0300] "\x16\x03\x01\x02" 400 226
::1 - - [03/Apr/2023:20:58:31 -0300] "\x16\x03\x01\x02" 400 226
::1 - - [03/Apr/2023:20:58:31 -0300] "\x16\x03\x01\x02" 400 226
::1 - - [03/Apr/2023:20:58:31 -0300] "\x16\x03\x01\x02" 400 226
::1 - - [03/Apr/2023:20:58:31 -0300] "\x16\x03\x01\x02" 400 226
::1 - - [03/Apr/2023:20:58:31 -0300] "\x16\x03\x01\x02" 400 226
::1 - - [03/Apr/2023:20:58:31 -0300] "\x16\x03\x01\x02" 400 226
::1 - - [03/Apr/2023:20:58:43 -0300] "GET / HTTP/1.1" 200 46
::1 - - [03/Apr/2023:20:58:44 -0300] "GET /favicon.ico HTTP/1.1" 404 196
::1 - - [03/Apr/2023:20:59:10 -0300] "-" 408 -
::1 - - [03/Apr/2023:20:59:44 -0300] "-" 408 -
::1 - - [03/Apr/2023:21:00:08 -0300] "GET / HTTP/1.1" 200 50
::1 - - [03/Apr/2023:21:01:08 -0300] "-" 408 -
